<?xml version="1.0" encoding="UTF-8"?>
<testsuites name="jest tests" tests="1" failures="1" time="10.019">
  <testsuite name="e2e axe-webdriverjs" errors="0" failures="1" skipped="0" timestamp="2019-05-08T00:21:44" time="8.934" tests="1">
    <testcase classname="e2e axe-webdriverjs opens a test page" name="e2e axe-webdriverjs opens a test page" time="7.558">
      <failure>Error: thrown: &quot;Exceeded timeout of 5000ms for a test.
Use jest.setTimeout(newTimeout) to increase the timeout value, if this is a long-running test.&quot;
    at C:\Users\lisli\lisli1\axe-pipelines-samples\axe-webdriverjs-sarif\tests\axe-webdriverjs.test.ts:21:5
    at _dispatchDescribe (C:\Users\lisli\lisli1\axe-pipelines-samples\axe-webdriverjs-sarif\node_modules\jest-circus\build\index.js:67:26)
    at describe (C:\Users\lisli\lisli1\axe-pipelines-samples\axe-webdriverjs-sarif\node_modules\jest-circus\build\index.js:30:5)
    at Object.&lt;anonymous&gt; (C:\Users\lisli\lisli1\axe-pipelines-samples\axe-webdriverjs-sarif\tests\axe-webdriverjs.test.ts:3:1)
    at Runtime._execModule (C:\Users\lisli\lisli1\axe-pipelines-samples\axe-webdriverjs-sarif\node_modules\jest-runtime\build\index.js:888:13)
    at Runtime._loadModule (C:\Users\lisli\lisli1\axe-pipelines-samples\axe-webdriverjs-sarif\node_modules\jest-runtime\build\index.js:577:12)
    at Runtime.requireModule (C:\Users\lisli\lisli1\axe-pipelines-samples\axe-webdriverjs-sarif\node_modules\jest-runtime\build\index.js:433:10)
    at C:\Users\lisli\lisli1\axe-pipelines-samples\axe-webdriverjs-sarif\node_modules\jest-circus\build\legacy-code-todo-rewrite\jestAdapter.js:118:15
    at Generator.next (&lt;anonymous&gt;)
    at asyncGeneratorStep (C:\Users\lisli\lisli1\axe-pipelines-samples\axe-webdriverjs-sarif\node_modules\jest-circus\build\legacy-code-todo-rewrite\jestAdapter.js:15:24)
    at _next (C:\Users\lisli\lisli1\axe-pipelines-samples\axe-webdriverjs-sarif\node_modules\jest-circus\build\legacy-code-todo-rewrite\jestAdapter.js:35:9)
    at C:\Users\lisli\lisli1\axe-pipelines-samples\axe-webdriverjs-sarif\node_modules\jest-circus\build\legacy-code-todo-rewrite\jestAdapter.js:40:7
    at new Promise (&lt;anonymous&gt;)
    at C:\Users\lisli\lisli1\axe-pipelines-samples\axe-webdriverjs-sarif\node_modules\jest-circus\build\legacy-code-todo-rewrite\jestAdapter.js:32:12
    at jestAdapter (C:\Users\lisli\lisli1\axe-pipelines-samples\axe-webdriverjs-sarif\node_modules\jest-circus\build\legacy-code-todo-rewrite\jestAdapter.js:128:19)
    at C:\Users\lisli\lisli1\axe-pipelines-samples\axe-webdriverjs-sarif\node_modules\jest-runner\build\runTest.js:385:24
    at Generator.next (&lt;anonymous&gt;)
    at asyncGeneratorStep (C:\Users\lisli\lisli1\axe-pipelines-samples\axe-webdriverjs-sarif\node_modules\jest-runner\build\runTest.js:161:24)
    at _next (C:\Users\lisli\lisli1\axe-pipelines-samples\axe-webdriverjs-sarif\node_modules\jest-runner\build\runTest.js:181:9)
    at process._tickCallback (internal/process/next_tick.js:68:7)</failure>
    </testcase>
  </testsuite>
</testsuites>